TN:
SF:/Users/kwintenp/dev/github/kwintenp/rxjs-marbles-testing/src/repositories/data.repository.ts
FN:4,(anonymous_0)
FN:5,DataRepository
FN:7,(anonymous_2)
FN:9,(anonymous_3)
FNF:4
FNH:0
FNDA:0,(anonymous_0)
FNDA:0,DataRepository
FNDA:0,(anonymous_2)
FNDA:0,(anonymous_3)
DA:2,0
DA:3,0
DA:4,0
DA:7,0
DA:8,0
DA:10,0
DA:14,0
DA:16,0
LF:8
LH:0
BRF:0
BRH:0
end_of_record
TN:
SF:/Users/kwintenp/dev/github/kwintenp/rxjs-marbles-testing/src/services/test.service.ts
FN:4,(anonymous_0)
FN:5,TestService
FN:8,(anonymous_2)
FN:10,(anonymous_3)
FN:10,(anonymous_4)
FN:10,(anonymous_5)
FNF:6
FNH:6
FNDA:1,(anonymous_0)
FNDA:1,TestService
FNDA:1,(anonymous_2)
FNDA:1,(anonymous_3)
FNDA:1,(anonymous_4)
FNDA:2,(anonymous_5)
DA:2,1
DA:3,1
DA:4,1
DA:6,1
DA:8,1
DA:9,1
DA:10,2
DA:12,1
DA:14,1
LF:9
LH:9
BRF:0
BRH:0
end_of_record
